<?xml version="1.0" encoding="UTF-8"?>
<!-- Generated by org.testng.reporters.JUnitXMLReporter -->
<testsuite hostname="LAPTOP-HUKOA47I" ignored="0" name="Surefire test" tests="2" failures="0" timestamp="2020-05-17T23:25:37 CDT" time="17.681" errors="0">
  <testcase name="incorrectPasswordTest" time="9.927" classname="com.herokuapp.theinternet.NegativeTest"/>
  <testcase name="incorrectUserNameTest" time="7.691" classname="com.herokuapp.theinternet.NegativeTest"/>
</testsuite> <!-- Surefire test -->
