<?xml version="1.0" encoding="UTF-8"?>
<testng-results skipped="0" failed="0" ignored="0" total="2" passed="2">
  <reporter-output>
  </reporter-output>
  <suite name="Surefire suite" duration-ms="17681" started-at="2020-05-17T23:25:19 CDT" finished-at="2020-05-17T23:25:37 CDT">
    <groups>
    </groups>
    <test name="Surefire test" duration-ms="17681" started-at="2020-05-17T23:25:19 CDT" finished-at="2020-05-17T23:25:37 CDT">
      <class name="com.herokuapp.theinternet.NegativeTest">
        <test-method status="PASS" signature="incorrectPasswordTest()[pri:0, instance:com.herokuapp.theinternet.NegativeTest@1e88b3c]" name="incorrectPasswordTest" duration-ms="9927" started-at="2020-05-17T23:25:19 CDT" finished-at="2020-05-17T23:25:29 CDT">
          <reporter-output>
          </reporter-output>
        </test-method> <!-- incorrectPasswordTest -->
        <test-method status="PASS" signature="incorrectUserNameTest()[pri:0, instance:com.herokuapp.theinternet.NegativeTest@1e88b3c]" name="incorrectUserNameTest" duration-ms="7691" started-at="2020-05-17T23:25:29 CDT" finished-at="2020-05-17T23:25:37 CDT">
          <reporter-output>
          </reporter-output>
        </test-method> <!-- incorrectUserNameTest -->
      </class> <!-- com.herokuapp.theinternet.NegativeTest -->
    </test> <!-- Surefire test -->
  </suite> <!-- Surefire suite -->
</testng-results>
